<?xml version="1.0" encoding="UTF-8"?>
<coverage generated="1758302123407" clover="3.2.0">
  <project timestamp="1758302123407" name="All files">
    <metrics statements="123" coveredstatements="119" conditionals="63" coveredconditionals="49" methods="17" coveredmethods="17" elements="203" coveredelements="185" complexity="0" loc="123" ncloc="123" packages="1" files="1" classes="1"/>
    <file name="server.ts" path="/Users/dcoric/Projects/debc/ip-geolocation/src/server.ts">
      <metrics statements="123" coveredstatements="119" conditionals="63" coveredconditionals="49" methods="17" coveredmethods="17"/>
      <line num="1" count="10" type="stmt"/>
      <line num="2" count="10" type="stmt"/>
      <line num="3" count="10" type="stmt"/>
      <line num="4" count="10" type="stmt"/>
      <line num="5" count="10" type="stmt"/>
      <line num="7" count="10" type="stmt"/>
      <line num="8" count="10" type="cond" truecount="2" falsecount="0"/>
      <line num="9" count="10" type="stmt"/>
      <line num="10" count="10" type="stmt"/>
      <line num="12" count="10" type="stmt"/>
      <line num="14" count="10" type="stmt"/>
      <line num="15" count="4" type="stmt"/>
      <line num="18" count="10" type="stmt"/>
      <line num="19" count="11" type="stmt"/>
      <line num="22" count="10" type="stmt"/>
      <line num="37" count="5" type="stmt"/>
      <line num="38" count="5" type="stmt"/>
      <line num="39" count="5" type="stmt"/>
      <line num="40" count="5" type="cond" truecount="3" falsecount="0"/>
      <line num="41" count="1" type="stmt"/>
      <line num="42" count="1" type="cond" truecount="1" falsecount="0"/>
      <line num="43" count="1" type="stmt"/>
      <line num="44" count="1" type="stmt"/>
      <line num="46" count="0" type="stmt"/>
      <line num="47" count="0" type="stmt"/>
      <line num="49" count="4" type="cond" truecount="1" falsecount="0"/>
      <line num="50" count="1" type="stmt"/>
      <line num="51" count="1" type="stmt"/>
      <line num="53" count="3" type="stmt"/>
      <line num="54" count="3" type="stmt"/>
      <line num="55" count="3" type="stmt"/>
      <line num="56" count="3" type="stmt"/>
      <line num="59" count="5" type="stmt"/>
      <line num="64" count="2" type="stmt"/>
      <line num="66" count="2" type="stmt"/>
      <line num="67" count="2" type="cond" truecount="1" falsecount="0"/>
      <line num="68" count="2" type="stmt"/>
      <line num="69" count="2" type="stmt"/>
      <line num="72" count="2" type="stmt"/>
      <line num="73" count="2" type="stmt"/>
      <line num="74" count="2" type="stmt"/>
      <line num="76" count="2" type="stmt"/>
      <line num="77" count="2" type="stmt"/>
      <line num="79" count="0" type="stmt"/>
      <line num="80" count="0" type="stmt"/>
      <line num="85" count="5" type="stmt"/>
      <line num="86" count="5" type="cond" truecount="1" falsecount="0"/>
      <line num="87" count="1" type="stmt"/>
      <line num="90" count="5" type="stmt"/>
      <line num="91" count="4" type="stmt"/>
      <line num="93" count="1" type="stmt"/>
      <line num="94" count="1" type="stmt"/>
      <line num="99" count="10" type="stmt"/>
      <line num="105" count="10" type="stmt"/>
      <line num="106" count="12" type="stmt"/>
      <line num="107" count="12" type="cond" truecount="1" falsecount="1"/>
      <line num="109" count="12" type="stmt"/>
      <line num="121" count="10" type="stmt"/>
      <line num="122" count="5" type="stmt"/>
      <line num="123" count="5" type="stmt"/>
      <line num="124" count="5" type="stmt"/>
      <line num="125" count="5" type="stmt"/>
      <line num="126" count="5" type="stmt"/>
      <line num="127" count="5" type="stmt"/>
      <line num="128" count="5" type="stmt"/>
      <line num="130" count="5" type="cond" truecount="4" falsecount="0"/>
      <line num="131" count="3" type="stmt"/>
      <line num="134" count="2" type="stmt"/>
      <line num="140" count="2" type="stmt"/>
      <line num="153" count="10" type="stmt"/>
      <line num="154" count="6" type="cond" truecount="1" falsecount="0"/>
      <line num="155" count="2" type="stmt"/>
      <line num="158" count="4" type="stmt"/>
      <line num="159" count="4" type="cond" truecount="1" falsecount="0"/>
      <line num="160" count="2" type="stmt"/>
      <line num="163" count="2" type="stmt"/>
      <line num="169" count="2" type="cond" truecount="1" falsecount="1"/>
      <line num="170" count="2" type="cond" truecount="1" falsecount="1"/>
      <line num="171" count="2" type="cond" truecount="1" falsecount="1"/>
      <line num="172" count="2" type="cond" truecount="1" falsecount="1"/>
      <line num="173" count="2" type="cond" truecount="1" falsecount="1"/>
      <line num="174" count="2" type="cond" truecount="1" falsecount="1"/>
      <line num="175" count="2" type="cond" truecount="1" falsecount="1"/>
      <line num="177" count="2" type="stmt"/>
      <line num="190" count="10" type="stmt"/>
      <line num="191" count="4" type="stmt"/>
      <line num="192" count="4" type="stmt"/>
      <line num="194" count="4" type="cond" truecount="4" falsecount="0"/>
      <line num="195" count="1" type="stmt"/>
      <line num="196" count="1" type="stmt"/>
      <line num="199" count="3" type="stmt"/>
      <line num="200" count="3" type="cond" truecount="1" falsecount="0"/>
      <line num="201" count="1" type="stmt"/>
      <line num="202" count="1" type="stmt"/>
      <line num="205" count="2" type="stmt"/>
      <line num="206" count="1" type="stmt"/>
      <line num="208" count="1" type="stmt"/>
      <line num="212" count="10" type="stmt"/>
      <line num="213" count="4" type="stmt"/>
      <line num="214" count="4" type="stmt"/>
      <line num="216" count="4" type="cond" truecount="1" falsecount="0"/>
      <line num="217" count="1" type="stmt"/>
      <line num="218" count="1" type="stmt"/>
      <line num="222" count="3" type="stmt"/>
      <line num="223" count="3" type="cond" truecount="1" falsecount="0"/>
      <line num="224" count="1" type="stmt"/>
      <line num="225" count="1" type="stmt"/>
      <line num="228" count="2" type="stmt"/>
      <line num="229" count="1" type="stmt"/>
      <line num="231" count="1" type="stmt"/>
      <line num="235" count="10" type="stmt"/>
      <line num="236" count="1" type="stmt"/>
      <line num="239" count="10" type="stmt"/>
      <line num="240" count="10" type="stmt"/>
      <line num="241" count="10" type="stmt"/>
      <line num="243" count="10" type="stmt"/>
      <line num="244" count="2" type="stmt"/>
      <line num="246" count="2" type="stmt"/>
      <line num="247" count="1" type="stmt"/>
      <line num="251" count="10" type="cond" truecount="1" falsecount="0"/>
      <line num="252" count="1" type="stmt"/>
      <line num="253" count="1" type="stmt"/>
      <line num="254" count="1" type="stmt"/>
    </file>
  </project>
</coverage>
