{"/Users/dcoric/Projects/debc/ip-geolocation/src/server.ts": {"path":"/Users/dcoric/Projects/debc/ip-geolocation/src/server.ts","statementMap":{"0":{"start":{"line":14,"column":0},"end":{"line":14,"column":16}},"1":{"start":{"line":18,"column":0},"end":{"line":18,"column":16}},"2":{"start":{"line":105,"column":0},"end":{"line":105,"column":16}},"3":{"start":{"line":121,"column":0},"end":{"line":121,"column":16}},"4":{"start":{"line":153,"column":0},"end":{"line":153,"column":16}},"5":{"start":{"line":190,"column":0},"end":{"line":190,"column":7}},"6":{"start":{"line":212,"column":0},"end":{"line":212,"column":7}},"7":{"start":{"line":235,"column":0},"end":{"line":235,"column":16}},"8":{"start":{"line":243,"column":0},"end":{"line":243,"column":7}},"9":{"start":{"line":1,"column":0},"end":{"line":1,"column":53}},"10":{"start":{"line":2,"column":0},"end":{"line":2,"column":35}},"11":{"start":{"line":3,"column":0},"end":{"line":3,"column":25}},"12":{"start":{"line":4,"column":0},"end":{"line":4,"column":29}},"13":{"start":{"line":5,"column":0},"end":{"line":5,"column":31}},"14":{"start":{"line":7,"column":13},"end":{"line":7,"column":29}},"15":{"start":{"line":8,"column":13},"end":{"line":8,"column":53}},"16":{"start":{"line":9,"column":16},"end":{"line":9,"column":72}},"17":{"start":{"line":10,"column":15},"end":{"line":10,"column":87}},"18":{"start":{"line":12,"column":62},"end":{"line":12,"column":66}},"19":{"start":{"line":15,"column":2},"end":{"line":15,"column":22}},"20":{"start":{"line":19,"column":2},"end":{"line":19,"column":20}},"21":{"start":{"line":22,"column":0},"end":{"line":22,"column":24}},"22":{"start":{"line":37,"column":2},"end":{"line":60,"column":5}},"23":{"start":{"line":38,"column":17},"end":{"line":38,"column":43}},"24":{"start":{"line":39,"column":4},"end":{"line":58,"column":27}},"25":{"start":{"line":40,"column":6},"end":{"line":48,"column":7}},"26":{"start":{"line":41,"column":25},"end":{"line":41,"column":50}},"27":{"start":{"line":42,"column":8},"end":{"line":45,"column":9}},"28":{"start":{"line":43,"column":10},"end":{"line":43,"column":64}},"29":{"start":{"line":44,"column":10},"end":{"line":44,"column":17}},"30":{"start":{"line":46,"column":8},"end":{"line":46,"column":65}},"31":{"start":{"line":47,"column":8},"end":{"line":47,"column":15}},"32":{"start":{"line":49,"column":6},"end":{"line":52,"column":7}},"33":{"start":{"line":50,"column":8},"end":{"line":50,"column":84}},"34":{"start":{"line":51,"column":8},"end":{"line":51,"column":15}},"35":{"start":{"line":53,"column":6},"end":{"line":53,"column":26}},"36":{"start":{"line":54,"column":6},"end":{"line":57,"column":9}},"37":{"start":{"line":55,"column":8},"end":{"line":55,"column":21}},"38":{"start":{"line":56,"column":8},"end":{"line":56,"column":18}},"39":{"start":{"line":59,"column":4},"end":{"line":59,"column":29}},"40":{"start":{"line":64,"column":2},"end":{"line":64,"column":61}},"41":{"start":{"line":66,"column":16},"end":{"line":66,"column":37}},"42":{"start":{"line":67,"column":2},"end":{"line":70,"column":3}},"43":{"start":{"line":68,"column":4},"end":{"line":68,"column":45}},"44":{"start":{"line":69,"column":4},"end":{"line":69,"column":42}},"45":{"start":{"line":72,"column":2},"end":{"line":81,"column":3}},"46":{"start":{"line":73,"column":4},"end":{"line":73,"column":40}},"47":{"start":{"line":74,"column":4},"end":{"line":74,"column":53}},"48":{"start":{"line":76,"column":18},"end":{"line":76,"column":38}},"49":{"start":{"line":77,"column":4},"end":{"line":77,"column":77}},"50":{"start":{"line":79,"column":4},"end":{"line":79,"column":76}},"51":{"start":{"line":80,"column":4},"end":{"line":80,"column":16}},"52":{"start":{"line":85,"column":2},"end":{"line":95,"column":3}},"53":{"start":{"line":86,"column":4},"end":{"line":88,"column":5}},"54":{"start":{"line":87,"column":6},"end":{"line":87,"column":31}},"55":{"start":{"line":90,"column":4},"end":{"line":90,"column":67}},"56":{"start":{"line":91,"column":4},"end":{"line":91,"column":57}},"57":{"start":{"line":93,"column":4},"end":{"line":93,"column":87}},"58":{"start":{"line":94,"column":4},"end":{"line":94,"column":20}},"59":{"start":{"line":99,"column":13},"end":{"line":103,"column":2}},"60":{"start":{"line":106,"column":23},"end":{"line":106,"column":53}},"61":{"start":{"line":107,"column":22},"end":{"line":107,"column":82}},"62":{"start":{"line":109,"column":2},"end":{"line":118,"column":4}},"63":{"start":{"line":122,"column":20},"end":{"line":122,"column":69}},"64":{"start":{"line":123,"column":17},"end":{"line":123,"column":63}},"65":{"start":{"line":124,"column":19},"end":{"line":124,"column":65}},"66":{"start":{"line":125,"column":21},"end":{"line":125,"column":69}},"67":{"start":{"line":126,"column":21},"end":{"line":126,"column":71}},"68":{"start":{"line":127,"column":22},"end":{"line":127,"column":73}},"69":{"start":{"line":128,"column":19},"end":{"line":128,"column":35}},"70":{"start":{"line":130,"column":2},"end":{"line":132,"column":3}},"71":{"start":{"line":131,"column":4},"end":{"line":131,"column":16}},"72":{"start":{"line":134,"column":22},"end":{"line":138,"column":13}},"73":{"start":{"line":140,"column":2},"end":{"line":150,"column":4}},"74":{"start":{"line":154,"column":2},"end":{"line":156,"column":3}},"75":{"start":{"line":155,"column":4},"end":{"line":155,"column":48}},"76":{"start":{"line":158,"column":17},"end":{"line":158,"column":35}},"77":{"start":{"line":159,"column":2},"end":{"line":161,"column":3}},"78":{"start":{"line":160,"column":4},"end":{"line":160,"column":56}},"79":{"start":{"line":163,"column":22},"end":{"line":167,"column":13}},"80":{"start":{"line":169,"column":22},"end":{"line":169,"column":54}},"81":{"start":{"line":170,"column":22},"end":{"line":170,"column":55}},"82":{"start":{"line":171,"column":19},"end":{"line":171,"column":49}},"83":{"start":{"line":172,"column":19},"end":{"line":172,"column":52}},"84":{"start":{"line":173,"column":20},"end":{"line":173,"column":54}},"85":{"start":{"line":174,"column":19},"end":{"line":174,"column":53}},"86":{"start":{"line":175,"column":17},"end":{"line":175,"column":59}},"87":{"start":{"line":177,"column":2},"end":{"line":187,"column":4}},"88":{"start":{"line":191,"column":2},"end":{"line":209,"column":3}},"89":{"start":{"line":192,"column":21},"end":{"line":192,"column":37}},"90":{"start":{"line":194,"column":4},"end":{"line":197,"column":5}},"91":{"start":{"line":195,"column":6},"end":{"line":195,"column":79}},"92":{"start":{"line":196,"column":6},"end":{"line":196,"column":13}},"93":{"start":{"line":199,"column":22},"end":{"line":199,"column":47}},"94":{"start":{"line":200,"column":4},"end":{"line":203,"column":5}},"95":{"start":{"line":201,"column":6},"end":{"line":201,"column":26}},"96":{"start":{"line":202,"column":6},"end":{"line":202,"column":13}},"97":{"start":{"line":205,"column":19},"end":{"line":205,"column":43}},"98":{"start":{"line":206,"column":4},"end":{"line":206,"column":21}},"99":{"start":{"line":208,"column":4},"end":{"line":208,"column":62}},"100":{"start":{"line":213,"column":2},"end":{"line":232,"column":3}},"101":{"start":{"line":214,"column":22},"end":{"line":214,"column":40}},"102":{"start":{"line":216,"column":4},"end":{"line":219,"column":5}},"103":{"start":{"line":217,"column":6},"end":{"line":217,"column":74}},"104":{"start":{"line":218,"column":6},"end":{"line":218,"column":13}},"105":{"start":{"line":222,"column":6},"end":{"line":222,"column":99}},"106":{"start":{"line":223,"column":4},"end":{"line":226,"column":5}},"107":{"start":{"line":224,"column":6},"end":{"line":224,"column":67}},"108":{"start":{"line":225,"column":6},"end":{"line":225,"column":13}},"109":{"start":{"line":228,"column":19},"end":{"line":228,"column":44}},"110":{"start":{"line":229,"column":4},"end":{"line":229,"column":21}},"111":{"start":{"line":231,"column":4},"end":{"line":231,"column":62}},"112":{"start":{"line":236,"column":2},"end":{"line":236,"column":71}},"113":{"start":{"line":239,"column":0},"end":{"line":239,"column":28}},"114":{"start":{"line":240,"column":0},"end":{"line":240,"column":44}},"115":{"start":{"line":241,"column":0},"end":{"line":241,"column":33}},"116":{"start":{"line":244,"column":2},"end":{"line":244,"column":29}},"117":{"start":{"line":246,"column":2},"end":{"line":248,"column":5}},"118":{"start":{"line":247,"column":4},"end":{"line":247,"column":53}},"119":{"start":{"line":251,"column":0},"end":{"line":256,"column":1}},"120":{"start":{"line":252,"column":2},"end":{"line":255,"column":5}},"121":{"start":{"line":253,"column":4},"end":{"line":253,"column":71}},"122":{"start":{"line":254,"column":4},"end":{"line":254,"column":20}}},"fnMap":{"0":{"name":"setCityLookup","decl":{"start":{"line":14,"column":16},"end":{"line":14,"column":29}},"loc":{"start":{"line":14,"column":81},"end":{"line":16,"column":1}}},"1":{"name":"resetCityLookup","decl":{"start":{"line":18,"column":16},"end":{"line":18,"column":31}},"loc":{"start":{"line":18,"column":31},"end":{"line":20,"column":1}}},"2":{"name":"downloadFile","decl":{"start":{"line":36,"column":9},"end":{"line":36,"column":21}},"loc":{"start":{"line":36,"column":47},"end":{"line":61,"column":1}}},"3":{"name":"(anonymous_13)","decl":{"start":{"line":37,"column":21},"end":{"line":37,"column":22}},"loc":{"start":{"line":37,"column":41},"end":{"line":60,"column":3}}},"4":{"name":"(anonymous_14)","decl":{"start":{"line":39,"column":19},"end":{"line":39,"column":20}},"loc":{"start":{"line":39,"column":32},"end":{"line":58,"column":5}}},"5":{"name":"(anonymous_15)","decl":{"start":{"line":54,"column":24},"end":{"line":54,"column":27}},"loc":{"start":{"line":54,"column":29},"end":{"line":57,"column":7}}},"6":{"name":"downloadDatabase","decl":{"start":{"line":63,"column":15},"end":{"line":63,"column":31}},"loc":{"start":{"line":63,"column":31},"end":{"line":82,"column":1}}},"7":{"name":"initializeDatabase","decl":{"start":{"line":84,"column":15},"end":{"line":84,"column":33}},"loc":{"start":{"line":84,"column":33},"end":{"line":96,"column":1}}},"8":{"name":"getClientIp","decl":{"start":{"line":105,"column":16},"end":{"line":105,"column":27}},"loc":{"start":{"line":105,"column":40},"end":{"line":119,"column":1}}},"9":{"name":"getCloudflareGeoInfo","decl":{"start":{"line":121,"column":16},"end":{"line":121,"column":36}},"loc":{"start":{"line":121,"column":49},"end":{"line":151,"column":1}}},"10":{"name":"getLocalIpInfo","decl":{"start":{"line":153,"column":16},"end":{"line":153,"column":30}},"loc":{"start":{"line":153,"column":41},"end":{"line":188,"column":1}}},"11":{"name":"handleGetIp","decl":{"start":{"line":190,"column":22},"end":{"line":190,"column":33}},"loc":{"start":{"line":190,"column":61},"end":{"line":210,"column":1}}},"12":{"name":"handleGetIpAddress","decl":{"start":{"line":212,"column":22},"end":{"line":212,"column":40}},"loc":{"start":{"line":212,"column":68},"end":{"line":233,"column":1}}},"13":{"name":"handleHealth","decl":{"start":{"line":235,"column":16},"end":{"line":235,"column":28}},"loc":{"start":{"line":235,"column":57},"end":{"line":237,"column":1}}},"14":{"name":"startServer","decl":{"start":{"line":243,"column":22},"end":{"line":243,"column":33}},"loc":{"start":{"line":243,"column":33},"end":{"line":249,"column":1}}},"15":{"name":"(anonymous_25)","decl":{"start":{"line":246,"column":30},"end":{"line":246,"column":33}},"loc":{"start":{"line":246,"column":35},"end":{"line":248,"column":3}}},"16":{"name":"(anonymous_26)","decl":{"start":{"line":252,"column":22},"end":{"line":252,"column":23}},"loc":{"start":{"line":252,"column":32},"end":{"line":255,"column":3}}}},"branchMap":{"0":{"loc":{"start":{"line":8,"column":22},"end":{"line":8,"column":48}},"type":"binary-expr","locations":[{"start":{"line":8,"column":22},"end":{"line":8,"column":38}},{"start":{"line":8,"column":42},"end":{"line":8,"column":48}}]},"1":{"loc":{"start":{"line":40,"column":6},"end":{"line":48,"column":7}},"type":"if","locations":[{"start":{"line":40,"column":6},"end":{"line":48,"column":7}}]},"2":{"loc":{"start":{"line":40,"column":10},"end":{"line":40,"column":68}},"type":"binary-expr","locations":[{"start":{"line":40,"column":10},"end":{"line":40,"column":37}},{"start":{"line":40,"column":41},"end":{"line":40,"column":68}}]},"3":{"loc":{"start":{"line":42,"column":8},"end":{"line":45,"column":9}},"type":"if","locations":[{"start":{"line":42,"column":8},"end":{"line":45,"column":9}}]},"4":{"loc":{"start":{"line":49,"column":6},"end":{"line":52,"column":7}},"type":"if","locations":[{"start":{"line":49,"column":6},"end":{"line":52,"column":7}}]},"5":{"loc":{"start":{"line":67,"column":2},"end":{"line":70,"column":3}},"type":"if","locations":[{"start":{"line":67,"column":2},"end":{"line":70,"column":3}}]},"6":{"loc":{"start":{"line":86,"column":4},"end":{"line":88,"column":5}},"type":"if","locations":[{"start":{"line":86,"column":4},"end":{"line":88,"column":5}}]},"7":{"loc":{"start":{"line":107,"column":22},"end":{"line":107,"column":82}},"type":"cond-expr","locations":[{"start":{"line":107,"column":52},"end":{"line":107,"column":67}},{"start":{"line":107,"column":70},"end":{"line":107,"column":82}}]},"8":{"loc":{"start":{"line":110,"column":4},"end":{"line":117,"column":8}},"type":"binary-expr","locations":[{"start":{"line":110,"column":4},"end":{"line":110,"column":45}},{"start":{"line":111,"column":4},"end":{"line":111,"column":30}},{"start":{"line":112,"column":4},"end":{"line":112,"column":38}},{"start":{"line":113,"column":5},"end":{"line":113,"column":34}},{"start":{"line":114,"column":5},"end":{"line":114,"column":30}},{"start":{"line":115,"column":6},"end":{"line":115,"column":51}},{"start":{"line":116,"column":4},"end":{"line":116,"column":10}},{"start":{"line":117,"column":4},"end":{"line":117,"column":8}}]},"9":{"loc":{"start":{"line":130,"column":2},"end":{"line":132,"column":3}},"type":"if","locations":[{"start":{"line":130,"column":2},"end":{"line":132,"column":3}}]},"10":{"loc":{"start":{"line":130,"column":6},"end":{"line":130,"column":51}},"type":"binary-expr","locations":[{"start":{"line":130,"column":6},"end":{"line":130,"column":16}},{"start":{"line":130,"column":20},"end":{"line":130,"column":38}},{"start":{"line":130,"column":42},"end":{"line":130,"column":51}}]},"11":{"loc":{"start":{"line":143,"column":10},"end":{"line":143,"column":24}},"type":"binary-expr","locations":[{"start":{"line":143,"column":10},"end":{"line":143,"column":16}},{"start":{"line":143,"column":20},"end":{"line":143,"column":24}}]},"12":{"loc":{"start":{"line":144,"column":14},"end":{"line":144,"column":56}},"type":"cond-expr","locations":[{"start":{"line":144,"column":27},"end":{"line":144,"column":49}},{"start":{"line":144,"column":52},"end":{"line":144,"column":56}}]},"13":{"loc":{"start":{"line":145,"column":15},"end":{"line":145,"column":59}},"type":"cond-expr","locations":[{"start":{"line":145,"column":29},"end":{"line":145,"column":52}},{"start":{"line":145,"column":55},"end":{"line":145,"column":59}}]},"14":{"loc":{"start":{"line":147,"column":8},"end":{"line":147,"column":58}},"type":"cond-expr","locations":[{"start":{"line":147,"column":49},"end":{"line":147,"column":52}},{"start":{"line":147,"column":55},"end":{"line":147,"column":58}}]},"15":{"loc":{"start":{"line":148,"column":12},"end":{"line":148,"column":28}},"type":"binary-expr","locations":[{"start":{"line":148,"column":12},"end":{"line":148,"column":20}},{"start":{"line":148,"column":24},"end":{"line":148,"column":28}}]},"16":{"loc":{"start":{"line":149,"column":14},"end":{"line":149,"column":32}},"type":"binary-expr","locations":[{"start":{"line":149,"column":14},"end":{"line":149,"column":24}},{"start":{"line":149,"column":28},"end":{"line":149,"column":32}}]},"17":{"loc":{"start":{"line":154,"column":2},"end":{"line":156,"column":3}},"type":"if","locations":[{"start":{"line":154,"column":2},"end":{"line":156,"column":3}}]},"18":{"loc":{"start":{"line":159,"column":2},"end":{"line":161,"column":3}},"type":"if","locations":[{"start":{"line":159,"column":2},"end":{"line":161,"column":3}}]},"19":{"loc":{"start":{"line":169,"column":22},"end":{"line":169,"column":54}},"type":"binary-expr","locations":[{"start":{"line":169,"column":22},"end":{"line":169,"column":46}},{"start":{"line":169,"column":50},"end":{"line":169,"column":54}}]},"20":{"loc":{"start":{"line":170,"column":22},"end":{"line":170,"column":55}},"type":"binary-expr","locations":[{"start":{"line":170,"column":22},"end":{"line":170,"column":47}},{"start":{"line":170,"column":51},"end":{"line":170,"column":55}}]},"21":{"loc":{"start":{"line":171,"column":19},"end":{"line":171,"column":49}},"type":"binary-expr","locations":[{"start":{"line":171,"column":19},"end":{"line":171,"column":41}},{"start":{"line":171,"column":45},"end":{"line":171,"column":49}}]},"22":{"loc":{"start":{"line":172,"column":19},"end":{"line":172,"column":52}},"type":"binary-expr","locations":[{"start":{"line":172,"column":19},"end":{"line":172,"column":44}},{"start":{"line":172,"column":48},"end":{"line":172,"column":52}}]},"23":{"loc":{"start":{"line":173,"column":20},"end":{"line":173,"column":54}},"type":"binary-expr","locations":[{"start":{"line":173,"column":20},"end":{"line":173,"column":46}},{"start":{"line":173,"column":50},"end":{"line":173,"column":54}}]},"24":{"loc":{"start":{"line":174,"column":19},"end":{"line":174,"column":53}},"type":"binary-expr","locations":[{"start":{"line":174,"column":19},"end":{"line":174,"column":45}},{"start":{"line":174,"column":49},"end":{"line":174,"column":53}}]},"25":{"loc":{"start":{"line":175,"column":17},"end":{"line":175,"column":59}},"type":"binary-expr","locations":[{"start":{"line":175,"column":17},"end":{"line":175,"column":51}},{"start":{"line":175,"column":55},"end":{"line":175,"column":59}}]},"26":{"loc":{"start":{"line":184,"column":8},"end":{"line":184,"column":75}},"type":"cond-expr","locations":[{"start":{"line":184,"column":66},"end":{"line":184,"column":69}},{"start":{"line":184,"column":72},"end":{"line":184,"column":75}}]},"27":{"loc":{"start":{"line":184,"column":8},"end":{"line":184,"column":63}},"type":"binary-expr","locations":[{"start":{"line":184,"column":8},"end":{"line":184,"column":19}},{"start":{"line":184,"column":23},"end":{"line":184,"column":63}}]},"28":{"loc":{"start":{"line":194,"column":4},"end":{"line":197,"column":5}},"type":"if","locations":[{"start":{"line":194,"column":4},"end":{"line":197,"column":5}}]},"29":{"loc":{"start":{"line":194,"column":8},"end":{"line":194,"column":67}},"type":"binary-expr","locations":[{"start":{"line":194,"column":8},"end":{"line":194,"column":17}},{"start":{"line":194,"column":21},"end":{"line":194,"column":39}},{"start":{"line":194,"column":43},"end":{"line":194,"column":67}}]},"30":{"loc":{"start":{"line":200,"column":4},"end":{"line":203,"column":5}},"type":"if","locations":[{"start":{"line":200,"column":4},"end":{"line":203,"column":5}}]},"31":{"loc":{"start":{"line":216,"column":4},"end":{"line":219,"column":5}},"type":"if","locations":[{"start":{"line":216,"column":4},"end":{"line":219,"column":5}}]},"32":{"loc":{"start":{"line":223,"column":4},"end":{"line":226,"column":5}},"type":"if","locations":[{"start":{"line":223,"column":4},"end":{"line":226,"column":5}}]},"33":{"loc":{"start":{"line":251,"column":0},"end":{"line":256,"column":1}},"type":"if","locations":[{"start":{"line":251,"column":0},"end":{"line":256,"column":1}}]}},"s":{"0":10,"1":10,"2":10,"3":10,"4":10,"5":10,"6":10,"7":10,"8":10,"9":10,"10":10,"11":10,"12":10,"13":10,"14":10,"15":10,"16":10,"17":10,"18":10,"19":4,"20":11,"21":10,"22":5,"23":5,"24":5,"25":5,"26":1,"27":1,"28":1,"29":1,"30":0,"31":0,"32":4,"33":1,"34":1,"35":3,"36":3,"37":3,"38":3,"39":5,"40":2,"41":2,"42":2,"43":2,"44":2,"45":2,"46":2,"47":2,"48":2,"49":2,"50":0,"51":0,"52":5,"53":5,"54":1,"55":5,"56":4,"57":1,"58":1,"59":10,"60":12,"61":12,"62":12,"63":5,"64":5,"65":5,"66":5,"67":5,"68":5,"69":5,"70":5,"71":3,"72":2,"73":2,"74":6,"75":2,"76":4,"77":4,"78":2,"79":2,"80":2,"81":2,"82":2,"83":2,"84":2,"85":2,"86":2,"87":2,"88":4,"89":4,"90":4,"91":1,"92":1,"93":3,"94":3,"95":1,"96":1,"97":2,"98":1,"99":1,"100":4,"101":4,"102":4,"103":1,"104":1,"105":3,"106":3,"107":1,"108":1,"109":2,"110":1,"111":1,"112":1,"113":10,"114":10,"115":10,"116":2,"117":2,"118":1,"119":10,"120":1,"121":1,"122":1},"f":{"0":4,"1":11,"2":5,"3":5,"4":5,"5":3,"6":2,"7":5,"8":12,"9":5,"10":6,"11":4,"12":4,"13":1,"14":2,"15":1,"16":1},"b":{"0":[10,10],"1":[1],"2":[5,4],"3":[1],"4":[1],"5":[2],"6":[1],"7":[0,12],"8":[12,8,3,3,3,3,3,3],"9":[3],"10":[5,2,2],"11":[2,0],"12":[2,0],"13":[2,0],"14":[2,0],"15":[2,0],"16":[2,0],"17":[2],"18":[2],"19":[2,0],"20":[2,0],"21":[2,0],"22":[2,0],"23":[2,0],"24":[2,0],"25":[2,0],"26":[1,1],"27":[2,2],"28":[1],"29":[4,3,3],"30":[1],"31":[1],"32":[1],"33":[1]}}
}
