{"/Users/dcoric/Projects/debc/ip-geolocation/src/server.ts": {"path":"/Users/dcoric/Projects/debc/ip-geolocation/src/server.ts","statementMap":{"0":{"start":{"line":14,"column":0},"end":{"line":14,"column":16}},"1":{"start":{"line":18,"column":0},"end":{"line":18,"column":16}},"2":{"start":{"line":98,"column":0},"end":{"line":98,"column":16}},"3":{"start":{"line":114,"column":0},"end":{"line":114,"column":16}},"4":{"start":{"line":146,"column":0},"end":{"line":146,"column":16}},"5":{"start":{"line":183,"column":0},"end":{"line":183,"column":7}},"6":{"start":{"line":205,"column":0},"end":{"line":205,"column":7}},"7":{"start":{"line":228,"column":0},"end":{"line":228,"column":16}},"8":{"start":{"line":236,"column":0},"end":{"line":236,"column":7}},"9":{"start":{"line":1,"column":0},"end":{"line":1,"column":53}},"10":{"start":{"line":2,"column":0},"end":{"line":2,"column":35}},"11":{"start":{"line":3,"column":0},"end":{"line":3,"column":25}},"12":{"start":{"line":4,"column":0},"end":{"line":4,"column":29}},"13":{"start":{"line":5,"column":0},"end":{"line":5,"column":31}},"14":{"start":{"line":7,"column":13},"end":{"line":7,"column":29}},"15":{"start":{"line":8,"column":13},"end":{"line":8,"column":53}},"16":{"start":{"line":9,"column":16},"end":{"line":9,"column":72}},"17":{"start":{"line":10,"column":15},"end":{"line":10,"column":87}},"18":{"start":{"line":12,"column":62},"end":{"line":12,"column":66}},"19":{"start":{"line":15,"column":2},"end":{"line":15,"column":22}},"20":{"start":{"line":19,"column":2},"end":{"line":19,"column":20}},"21":{"start":{"line":22,"column":0},"end":{"line":22,"column":24}},"22":{"start":{"line":37,"column":2},"end":{"line":60,"column":5}},"23":{"start":{"line":38,"column":17},"end":{"line":38,"column":43}},"24":{"start":{"line":39,"column":4},"end":{"line":58,"column":27}},"25":{"start":{"line":40,"column":6},"end":{"line":48,"column":7}},"26":{"start":{"line":41,"column":25},"end":{"line":41,"column":50}},"27":{"start":{"line":42,"column":8},"end":{"line":45,"column":9}},"28":{"start":{"line":43,"column":10},"end":{"line":43,"column":64}},"29":{"start":{"line":44,"column":10},"end":{"line":44,"column":17}},"30":{"start":{"line":46,"column":8},"end":{"line":46,"column":65}},"31":{"start":{"line":47,"column":8},"end":{"line":47,"column":15}},"32":{"start":{"line":49,"column":6},"end":{"line":52,"column":7}},"33":{"start":{"line":50,"column":8},"end":{"line":50,"column":84}},"34":{"start":{"line":51,"column":8},"end":{"line":51,"column":15}},"35":{"start":{"line":53,"column":6},"end":{"line":53,"column":26}},"36":{"start":{"line":54,"column":6},"end":{"line":57,"column":9}},"37":{"start":{"line":55,"column":8},"end":{"line":55,"column":21}},"38":{"start":{"line":56,"column":8},"end":{"line":56,"column":18}},"39":{"start":{"line":59,"column":4},"end":{"line":59,"column":29}},"40":{"start":{"line":64,"column":2},"end":{"line":64,"column":61}},"41":{"start":{"line":66,"column":16},"end":{"line":66,"column":37}},"42":{"start":{"line":67,"column":2},"end":{"line":70,"column":3}},"43":{"start":{"line":68,"column":4},"end":{"line":68,"column":45}},"44":{"start":{"line":69,"column":4},"end":{"line":69,"column":42}},"45":{"start":{"line":72,"column":2},"end":{"line":81,"column":3}},"46":{"start":{"line":73,"column":4},"end":{"line":73,"column":40}},"47":{"start":{"line":74,"column":4},"end":{"line":74,"column":53}},"48":{"start":{"line":76,"column":18},"end":{"line":76,"column":38}},"49":{"start":{"line":77,"column":4},"end":{"line":77,"column":77}},"50":{"start":{"line":79,"column":4},"end":{"line":79,"column":76}},"51":{"start":{"line":80,"column":4},"end":{"line":80,"column":16}},"52":{"start":{"line":85,"column":2},"end":{"line":95,"column":3}},"53":{"start":{"line":86,"column":4},"end":{"line":88,"column":5}},"54":{"start":{"line":87,"column":6},"end":{"line":87,"column":31}},"55":{"start":{"line":90,"column":4},"end":{"line":90,"column":67}},"56":{"start":{"line":91,"column":4},"end":{"line":91,"column":57}},"57":{"start":{"line":93,"column":4},"end":{"line":93,"column":87}},"58":{"start":{"line":94,"column":4},"end":{"line":94,"column":20}},"59":{"start":{"line":99,"column":23},"end":{"line":99,"column":53}},"60":{"start":{"line":100,"column":22},"end":{"line":100,"column":82}},"61":{"start":{"line":102,"column":2},"end":{"line":111,"column":4}},"62":{"start":{"line":115,"column":20},"end":{"line":115,"column":69}},"63":{"start":{"line":116,"column":17},"end":{"line":116,"column":63}},"64":{"start":{"line":117,"column":19},"end":{"line":117,"column":65}},"65":{"start":{"line":118,"column":21},"end":{"line":118,"column":69}},"66":{"start":{"line":119,"column":21},"end":{"line":119,"column":71}},"67":{"start":{"line":120,"column":22},"end":{"line":120,"column":73}},"68":{"start":{"line":121,"column":19},"end":{"line":121,"column":35}},"69":{"start":{"line":123,"column":2},"end":{"line":125,"column":3}},"70":{"start":{"line":124,"column":4},"end":{"line":124,"column":16}},"71":{"start":{"line":127,"column":22},"end":{"line":131,"column":13}},"72":{"start":{"line":133,"column":2},"end":{"line":143,"column":4}},"73":{"start":{"line":147,"column":2},"end":{"line":149,"column":3}},"74":{"start":{"line":148,"column":4},"end":{"line":148,"column":48}},"75":{"start":{"line":151,"column":17},"end":{"line":151,"column":35}},"76":{"start":{"line":152,"column":2},"end":{"line":154,"column":3}},"77":{"start":{"line":153,"column":4},"end":{"line":153,"column":56}},"78":{"start":{"line":156,"column":22},"end":{"line":160,"column":13}},"79":{"start":{"line":162,"column":22},"end":{"line":162,"column":54}},"80":{"start":{"line":163,"column":22},"end":{"line":163,"column":55}},"81":{"start":{"line":164,"column":19},"end":{"line":164,"column":49}},"82":{"start":{"line":165,"column":19},"end":{"line":165,"column":52}},"83":{"start":{"line":166,"column":20},"end":{"line":166,"column":54}},"84":{"start":{"line":167,"column":19},"end":{"line":167,"column":53}},"85":{"start":{"line":168,"column":17},"end":{"line":168,"column":59}},"86":{"start":{"line":170,"column":2},"end":{"line":180,"column":4}},"87":{"start":{"line":184,"column":2},"end":{"line":202,"column":3}},"88":{"start":{"line":185,"column":21},"end":{"line":185,"column":37}},"89":{"start":{"line":187,"column":4},"end":{"line":190,"column":5}},"90":{"start":{"line":188,"column":6},"end":{"line":188,"column":79}},"91":{"start":{"line":189,"column":6},"end":{"line":189,"column":13}},"92":{"start":{"line":192,"column":22},"end":{"line":192,"column":47}},"93":{"start":{"line":193,"column":4},"end":{"line":196,"column":5}},"94":{"start":{"line":194,"column":6},"end":{"line":194,"column":26}},"95":{"start":{"line":195,"column":6},"end":{"line":195,"column":13}},"96":{"start":{"line":198,"column":19},"end":{"line":198,"column":43}},"97":{"start":{"line":199,"column":4},"end":{"line":199,"column":21}},"98":{"start":{"line":201,"column":4},"end":{"line":201,"column":62}},"99":{"start":{"line":206,"column":2},"end":{"line":225,"column":3}},"100":{"start":{"line":207,"column":22},"end":{"line":207,"column":40}},"101":{"start":{"line":209,"column":4},"end":{"line":212,"column":5}},"102":{"start":{"line":210,"column":6},"end":{"line":210,"column":74}},"103":{"start":{"line":211,"column":6},"end":{"line":211,"column":13}},"104":{"start":{"line":215,"column":6},"end":{"line":215,"column":99}},"105":{"start":{"line":216,"column":4},"end":{"line":219,"column":5}},"106":{"start":{"line":217,"column":6},"end":{"line":217,"column":67}},"107":{"start":{"line":218,"column":6},"end":{"line":218,"column":13}},"108":{"start":{"line":221,"column":19},"end":{"line":221,"column":44}},"109":{"start":{"line":222,"column":4},"end":{"line":222,"column":21}},"110":{"start":{"line":224,"column":4},"end":{"line":224,"column":62}},"111":{"start":{"line":229,"column":2},"end":{"line":229,"column":71}},"112":{"start":{"line":232,"column":0},"end":{"line":232,"column":28}},"113":{"start":{"line":233,"column":0},"end":{"line":233,"column":44}},"114":{"start":{"line":234,"column":0},"end":{"line":234,"column":33}},"115":{"start":{"line":237,"column":2},"end":{"line":237,"column":29}},"116":{"start":{"line":239,"column":2},"end":{"line":241,"column":5}},"117":{"start":{"line":240,"column":4},"end":{"line":240,"column":53}},"118":{"start":{"line":244,"column":0},"end":{"line":249,"column":1}},"119":{"start":{"line":245,"column":2},"end":{"line":248,"column":5}},"120":{"start":{"line":246,"column":4},"end":{"line":246,"column":71}},"121":{"start":{"line":247,"column":4},"end":{"line":247,"column":20}}},"fnMap":{"0":{"name":"setCityLookup","decl":{"start":{"line":14,"column":16},"end":{"line":14,"column":29}},"loc":{"start":{"line":14,"column":81},"end":{"line":16,"column":1}}},"1":{"name":"resetCityLookup","decl":{"start":{"line":18,"column":16},"end":{"line":18,"column":31}},"loc":{"start":{"line":18,"column":31},"end":{"line":20,"column":1}}},"2":{"name":"downloadFile","decl":{"start":{"line":36,"column":9},"end":{"line":36,"column":21}},"loc":{"start":{"line":36,"column":47},"end":{"line":61,"column":1}}},"3":{"name":"(anonymous_13)","decl":{"start":{"line":37,"column":21},"end":{"line":37,"column":22}},"loc":{"start":{"line":37,"column":41},"end":{"line":60,"column":3}}},"4":{"name":"(anonymous_14)","decl":{"start":{"line":39,"column":19},"end":{"line":39,"column":20}},"loc":{"start":{"line":39,"column":32},"end":{"line":58,"column":5}}},"5":{"name":"(anonymous_15)","decl":{"start":{"line":54,"column":24},"end":{"line":54,"column":27}},"loc":{"start":{"line":54,"column":29},"end":{"line":57,"column":7}}},"6":{"name":"downloadDatabase","decl":{"start":{"line":63,"column":15},"end":{"line":63,"column":31}},"loc":{"start":{"line":63,"column":31},"end":{"line":82,"column":1}}},"7":{"name":"initializeDatabase","decl":{"start":{"line":84,"column":15},"end":{"line":84,"column":33}},"loc":{"start":{"line":84,"column":33},"end":{"line":96,"column":1}}},"8":{"name":"getClientIp","decl":{"start":{"line":98,"column":16},"end":{"line":98,"column":27}},"loc":{"start":{"line":98,"column":40},"end":{"line":112,"column":1}}},"9":{"name":"getCloudflareGeoInfo","decl":{"start":{"line":114,"column":16},"end":{"line":114,"column":36}},"loc":{"start":{"line":114,"column":49},"end":{"line":144,"column":1}}},"10":{"name":"getLocalIpInfo","decl":{"start":{"line":146,"column":16},"end":{"line":146,"column":30}},"loc":{"start":{"line":146,"column":41},"end":{"line":181,"column":1}}},"11":{"name":"handleGetIp","decl":{"start":{"line":183,"column":22},"end":{"line":183,"column":33}},"loc":{"start":{"line":183,"column":61},"end":{"line":203,"column":1}}},"12":{"name":"handleGetIpAddress","decl":{"start":{"line":205,"column":22},"end":{"line":205,"column":40}},"loc":{"start":{"line":205,"column":68},"end":{"line":226,"column":1}}},"13":{"name":"handleHealth","decl":{"start":{"line":228,"column":16},"end":{"line":228,"column":28}},"loc":{"start":{"line":228,"column":57},"end":{"line":230,"column":1}}},"14":{"name":"startServer","decl":{"start":{"line":236,"column":22},"end":{"line":236,"column":33}},"loc":{"start":{"line":236,"column":33},"end":{"line":242,"column":1}}},"15":{"name":"(anonymous_25)","decl":{"start":{"line":239,"column":30},"end":{"line":239,"column":33}},"loc":{"start":{"line":239,"column":35},"end":{"line":241,"column":3}}},"16":{"name":"(anonymous_26)","decl":{"start":{"line":245,"column":22},"end":{"line":245,"column":23}},"loc":{"start":{"line":245,"column":32},"end":{"line":248,"column":3}}}},"branchMap":{"0":{"loc":{"start":{"line":8,"column":22},"end":{"line":8,"column":48}},"type":"binary-expr","locations":[{"start":{"line":8,"column":22},"end":{"line":8,"column":38}},{"start":{"line":8,"column":42},"end":{"line":8,"column":48}}]},"1":{"loc":{"start":{"line":40,"column":6},"end":{"line":48,"column":7}},"type":"if","locations":[{"start":{"line":40,"column":6},"end":{"line":48,"column":7}}]},"2":{"loc":{"start":{"line":40,"column":10},"end":{"line":40,"column":68}},"type":"binary-expr","locations":[{"start":{"line":40,"column":10},"end":{"line":40,"column":37}},{"start":{"line":40,"column":41},"end":{"line":40,"column":68}}]},"3":{"loc":{"start":{"line":42,"column":8},"end":{"line":45,"column":9}},"type":"if","locations":[{"start":{"line":42,"column":8},"end":{"line":45,"column":9}}]},"4":{"loc":{"start":{"line":49,"column":6},"end":{"line":52,"column":7}},"type":"if","locations":[{"start":{"line":49,"column":6},"end":{"line":52,"column":7}}]},"5":{"loc":{"start":{"line":67,"column":2},"end":{"line":70,"column":3}},"type":"if","locations":[{"start":{"line":67,"column":2},"end":{"line":70,"column":3}}]},"6":{"loc":{"start":{"line":86,"column":4},"end":{"line":88,"column":5}},"type":"if","locations":[{"start":{"line":86,"column":4},"end":{"line":88,"column":5}}]},"7":{"loc":{"start":{"line":100,"column":22},"end":{"line":100,"column":82}},"type":"cond-expr","locations":[{"start":{"line":100,"column":52},"end":{"line":100,"column":67}},{"start":{"line":100,"column":70},"end":{"line":100,"column":82}}]},"8":{"loc":{"start":{"line":103,"column":4},"end":{"line":110,"column":8}},"type":"binary-expr","locations":[{"start":{"line":103,"column":4},"end":{"line":103,"column":45}},{"start":{"line":104,"column":4},"end":{"line":104,"column":30}},{"start":{"line":105,"column":4},"end":{"line":105,"column":38}},{"start":{"line":106,"column":5},"end":{"line":106,"column":34}},{"start":{"line":107,"column":5},"end":{"line":107,"column":30}},{"start":{"line":108,"column":6},"end":{"line":108,"column":51}},{"start":{"line":109,"column":4},"end":{"line":109,"column":10}},{"start":{"line":110,"column":4},"end":{"line":110,"column":8}}]},"9":{"loc":{"start":{"line":123,"column":2},"end":{"line":125,"column":3}},"type":"if","locations":[{"start":{"line":123,"column":2},"end":{"line":125,"column":3}}]},"10":{"loc":{"start":{"line":123,"column":6},"end":{"line":123,"column":51}},"type":"binary-expr","locations":[{"start":{"line":123,"column":6},"end":{"line":123,"column":16}},{"start":{"line":123,"column":20},"end":{"line":123,"column":38}},{"start":{"line":123,"column":42},"end":{"line":123,"column":51}}]},"11":{"loc":{"start":{"line":136,"column":10},"end":{"line":136,"column":24}},"type":"binary-expr","locations":[{"start":{"line":136,"column":10},"end":{"line":136,"column":16}},{"start":{"line":136,"column":20},"end":{"line":136,"column":24}}]},"12":{"loc":{"start":{"line":137,"column":14},"end":{"line":137,"column":56}},"type":"cond-expr","locations":[{"start":{"line":137,"column":27},"end":{"line":137,"column":49}},{"start":{"line":137,"column":52},"end":{"line":137,"column":56}}]},"13":{"loc":{"start":{"line":138,"column":15},"end":{"line":138,"column":59}},"type":"cond-expr","locations":[{"start":{"line":138,"column":29},"end":{"line":138,"column":52}},{"start":{"line":138,"column":55},"end":{"line":138,"column":59}}]},"14":{"loc":{"start":{"line":140,"column":8},"end":{"line":140,"column":58}},"type":"cond-expr","locations":[{"start":{"line":140,"column":49},"end":{"line":140,"column":52}},{"start":{"line":140,"column":55},"end":{"line":140,"column":58}}]},"15":{"loc":{"start":{"line":141,"column":12},"end":{"line":141,"column":28}},"type":"binary-expr","locations":[{"start":{"line":141,"column":12},"end":{"line":141,"column":20}},{"start":{"line":141,"column":24},"end":{"line":141,"column":28}}]},"16":{"loc":{"start":{"line":142,"column":14},"end":{"line":142,"column":32}},"type":"binary-expr","locations":[{"start":{"line":142,"column":14},"end":{"line":142,"column":24}},{"start":{"line":142,"column":28},"end":{"line":142,"column":32}}]},"17":{"loc":{"start":{"line":147,"column":2},"end":{"line":149,"column":3}},"type":"if","locations":[{"start":{"line":147,"column":2},"end":{"line":149,"column":3}}]},"18":{"loc":{"start":{"line":152,"column":2},"end":{"line":154,"column":3}},"type":"if","locations":[{"start":{"line":152,"column":2},"end":{"line":154,"column":3}}]},"19":{"loc":{"start":{"line":162,"column":22},"end":{"line":162,"column":54}},"type":"binary-expr","locations":[{"start":{"line":162,"column":22},"end":{"line":162,"column":46}},{"start":{"line":162,"column":50},"end":{"line":162,"column":54}}]},"20":{"loc":{"start":{"line":163,"column":22},"end":{"line":163,"column":55}},"type":"binary-expr","locations":[{"start":{"line":163,"column":22},"end":{"line":163,"column":47}},{"start":{"line":163,"column":51},"end":{"line":163,"column":55}}]},"21":{"loc":{"start":{"line":164,"column":19},"end":{"line":164,"column":49}},"type":"binary-expr","locations":[{"start":{"line":164,"column":19},"end":{"line":164,"column":41}},{"start":{"line":164,"column":45},"end":{"line":164,"column":49}}]},"22":{"loc":{"start":{"line":165,"column":19},"end":{"line":165,"column":52}},"type":"binary-expr","locations":[{"start":{"line":165,"column":19},"end":{"line":165,"column":44}},{"start":{"line":165,"column":48},"end":{"line":165,"column":52}}]},"23":{"loc":{"start":{"line":166,"column":20},"end":{"line":166,"column":54}},"type":"binary-expr","locations":[{"start":{"line":166,"column":20},"end":{"line":166,"column":46}},{"start":{"line":166,"column":50},"end":{"line":166,"column":54}}]},"24":{"loc":{"start":{"line":167,"column":19},"end":{"line":167,"column":53}},"type":"binary-expr","locations":[{"start":{"line":167,"column":19},"end":{"line":167,"column":45}},{"start":{"line":167,"column":49},"end":{"line":167,"column":53}}]},"25":{"loc":{"start":{"line":168,"column":17},"end":{"line":168,"column":59}},"type":"binary-expr","locations":[{"start":{"line":168,"column":17},"end":{"line":168,"column":51}},{"start":{"line":168,"column":55},"end":{"line":168,"column":59}}]},"26":{"loc":{"start":{"line":177,"column":8},"end":{"line":177,"column":75}},"type":"cond-expr","locations":[{"start":{"line":177,"column":66},"end":{"line":177,"column":69}},{"start":{"line":177,"column":72},"end":{"line":177,"column":75}}]},"27":{"loc":{"start":{"line":177,"column":8},"end":{"line":177,"column":63}},"type":"binary-expr","locations":[{"start":{"line":177,"column":8},"end":{"line":177,"column":19}},{"start":{"line":177,"column":23},"end":{"line":177,"column":63}}]},"28":{"loc":{"start":{"line":187,"column":4},"end":{"line":190,"column":5}},"type":"if","locations":[{"start":{"line":187,"column":4},"end":{"line":190,"column":5}}]},"29":{"loc":{"start":{"line":187,"column":8},"end":{"line":187,"column":67}},"type":"binary-expr","locations":[{"start":{"line":187,"column":8},"end":{"line":187,"column":17}},{"start":{"line":187,"column":21},"end":{"line":187,"column":39}},{"start":{"line":187,"column":43},"end":{"line":187,"column":67}}]},"30":{"loc":{"start":{"line":193,"column":4},"end":{"line":196,"column":5}},"type":"if","locations":[{"start":{"line":193,"column":4},"end":{"line":196,"column":5}}]},"31":{"loc":{"start":{"line":209,"column":4},"end":{"line":212,"column":5}},"type":"if","locations":[{"start":{"line":209,"column":4},"end":{"line":212,"column":5}}]},"32":{"loc":{"start":{"line":216,"column":4},"end":{"line":219,"column":5}},"type":"if","locations":[{"start":{"line":216,"column":4},"end":{"line":219,"column":5}}]},"33":{"loc":{"start":{"line":244,"column":0},"end":{"line":249,"column":1}},"type":"if","locations":[{"start":{"line":244,"column":0},"end":{"line":249,"column":1}}]}},"s":{"0":1,"1":1,"2":1,"3":1,"4":1,"5":1,"6":1,"7":1,"8":1,"9":1,"10":1,"11":1,"12":1,"13":1,"14":1,"15":1,"16":1,"17":1,"18":1,"19":1,"20":5,"21":1,"22":0,"23":0,"24":0,"25":0,"26":0,"27":0,"28":0,"29":0,"30":0,"31":0,"32":0,"33":0,"34":0,"35":0,"36":0,"37":0,"38":0,"39":0,"40":0,"41":0,"42":0,"43":0,"44":0,"45":0,"46":0,"47":0,"48":0,"49":0,"50":0,"51":0,"52":0,"53":0,"54":0,"55":0,"56":0,"57":0,"58":0,"59":8,"60":8,"61":8,"62":3,"63":3,"64":3,"65":3,"66":3,"67":3,"68":3,"69":3,"70":1,"71":2,"72":2,"73":1,"74":0,"75":1,"76":1,"77":0,"78":1,"79":1,"80":1,"81":1,"82":1,"83":1,"84":1,"85":1,"86":1,"87":2,"88":2,"89":2,"90":1,"91":1,"92":1,"93":1,"94":1,"95":1,"96":0,"97":0,"98":0,"99":2,"100":2,"101":2,"102":0,"103":0,"104":2,"105":2,"106":1,"107":1,"108":1,"109":1,"110":0,"111":1,"112":1,"113":1,"114":1,"115":0,"116":0,"117":0,"118":1,"119":0,"120":0,"121":0},"f":{"0":1,"1":5,"2":0,"3":0,"4":0,"5":0,"6":0,"7":0,"8":8,"9":3,"10":1,"11":2,"12":2,"13":1,"14":0,"15":0,"16":0},"b":{"0":[1,1],"1":[0],"2":[0,0],"3":[0],"4":[0],"5":[0],"6":[0],"7":[0,8],"8":[8,4,3,3,3,3,3,3],"9":[1],"10":[3,2,2],"11":[2,0],"12":[2,0],"13":[2,0],"14":[2,0],"15":[2,0],"16":[2,0],"17":[0],"18":[0],"19":[1,0],"20":[1,0],"21":[1,0],"22":[1,0],"23":[1,0],"24":[1,0],"25":[1,0],"26":[0,1],"27":[1,1],"28":[1],"29":[2,1,1],"30":[1],"31":[0],"32":[1],"33":[0]}}
}
