TN:
SF:src/server.ts
FN:14,setCityLookup
FN:18,resetCityLookup
FN:36,downloadFile
FN:37,(anonymous_13)
FN:39,(anonymous_14)
FN:54,(anonymous_15)
FN:63,downloadDatabase
FN:84,initializeDatabase
FN:105,getClientIp
FN:121,getCloudflareGeoInfo
FN:153,getLocalIpInfo
FN:190,handleGetIp
FN:212,handleGetIpAddress
FN:235,handleHealth
FN:243,startServer
FN:246,(anonymous_25)
FN:252,(anonymous_26)
FNF:17
FNH:17
FNDA:4,setCityLookup
FNDA:11,resetCityLookup
FNDA:5,downloadFile
FNDA:5,(anonymous_13)
FNDA:5,(anonymous_14)
FNDA:3,(anonymous_15)
FNDA:2,downloadDatabase
FNDA:5,initializeDatabase
FNDA:12,getClientIp
FNDA:5,getCloudflareGeoInfo
FNDA:6,getLocalIpInfo
FNDA:4,handleGetIp
FNDA:4,handleGetIpAddress
FNDA:1,handleHealth
FNDA:2,startServer
FNDA:1,(anonymous_25)
FNDA:1,(anonymous_26)
DA:1,10
DA:2,10
DA:3,10
DA:4,10
DA:5,10
DA:7,10
DA:8,10
DA:9,10
DA:10,10
DA:12,10
DA:14,10
DA:15,4
DA:18,10
DA:19,11
DA:22,10
DA:37,5
DA:38,5
DA:39,5
DA:40,5
DA:41,1
DA:42,1
DA:43,1
DA:44,1
DA:46,0
DA:47,0
DA:49,4
DA:50,1
DA:51,1
DA:53,3
DA:54,3
DA:55,3
DA:56,3
DA:59,5
DA:64,2
DA:66,2
DA:67,2
DA:68,2
DA:69,2
DA:72,2
DA:73,2
DA:74,2
DA:76,2
DA:77,2
DA:79,0
DA:80,0
DA:85,5
DA:86,5
DA:87,1
DA:90,5
DA:91,4
DA:93,1
DA:94,1
DA:99,10
DA:105,10
DA:106,12
DA:107,12
DA:109,12
DA:121,10
DA:122,5
DA:123,5
DA:124,5
DA:125,5
DA:126,5
DA:127,5
DA:128,5
DA:130,5
DA:131,3
DA:134,2
DA:140,2
DA:153,10
DA:154,6
DA:155,2
DA:158,4
DA:159,4
DA:160,2
DA:163,2
DA:169,2
DA:170,2
DA:171,2
DA:172,2
DA:173,2
DA:174,2
DA:175,2
DA:177,2
DA:190,10
DA:191,4
DA:192,4
DA:194,4
DA:195,1
DA:196,1
DA:199,3
DA:200,3
DA:201,1
DA:202,1
DA:205,2
DA:206,1
DA:208,1
DA:212,10
DA:213,4
DA:214,4
DA:216,4
DA:217,1
DA:218,1
DA:222,3
DA:223,3
DA:224,1
DA:225,1
DA:228,2
DA:229,1
DA:231,1
DA:235,10
DA:236,1
DA:239,10
DA:240,10
DA:241,10
DA:243,10
DA:244,2
DA:246,2
DA:247,1
DA:251,10
DA:252,1
DA:253,1
DA:254,1
LF:123
LH:119
BRDA:8,0,0,10
BRDA:8,0,1,10
BRDA:40,1,0,1
BRDA:40,2,0,5
BRDA:40,2,1,4
BRDA:42,3,0,1
BRDA:49,4,0,1
BRDA:67,5,0,2
BRDA:86,6,0,1
BRDA:107,7,0,0
BRDA:107,7,1,12
BRDA:110,8,0,12
BRDA:110,8,1,8
BRDA:110,8,2,3
BRDA:110,8,3,3
BRDA:110,8,4,3
BRDA:110,8,5,3
BRDA:110,8,6,3
BRDA:110,8,7,3
BRDA:130,9,0,3
BRDA:130,10,0,5
BRDA:130,10,1,2
BRDA:130,10,2,2
BRDA:143,11,0,2
BRDA:143,11,1,0
BRDA:144,12,0,2
BRDA:144,12,1,0
BRDA:145,13,0,2
BRDA:145,13,1,0
BRDA:147,14,0,2
BRDA:147,14,1,0
BRDA:148,15,0,2
BRDA:148,15,1,0
BRDA:149,16,0,2
BRDA:149,16,1,0
BRDA:154,17,0,2
BRDA:159,18,0,2
BRDA:169,19,0,2
BRDA:169,19,1,0
BRDA:170,20,0,2
BRDA:170,20,1,0
BRDA:171,21,0,2
BRDA:171,21,1,0
BRDA:172,22,0,2
BRDA:172,22,1,0
BRDA:173,23,0,2
BRDA:173,23,1,0
BRDA:174,24,0,2
BRDA:174,24,1,0
BRDA:175,25,0,2
BRDA:175,25,1,0
BRDA:184,26,0,1
BRDA:184,26,1,1
BRDA:184,27,0,2
BRDA:184,27,1,2
BRDA:194,28,0,1
BRDA:194,29,0,4
BRDA:194,29,1,3
BRDA:194,29,2,3
BRDA:200,30,0,1
BRDA:216,31,0,1
BRDA:223,32,0,1
BRDA:251,33,0,1
BRF:63
BRH:49
end_of_record
