TN:
SF:src/server.ts
FN:14,setCityLookup
FN:18,resetCityLookup
FN:36,downloadFile
FN:37,(anonymous_13)
FN:39,(anonymous_14)
FN:54,(anonymous_15)
FN:63,downloadDatabase
FN:84,initializeDatabase
FN:98,getClientIp
FN:114,getCloudflareGeoInfo
FN:146,getLocalIpInfo
FN:183,handleGetIp
FN:205,handleGetIpAddress
FN:228,handleHealth
FN:236,startServer
FN:239,(anonymous_25)
FN:245,(anonymous_26)
FNF:17
FNH:8
FNDA:1,setCityLookup
FNDA:5,resetCityLookup
FNDA:0,downloadFile
FNDA:0,(anonymous_13)
FNDA:0,(anonymous_14)
FNDA:0,(anonymous_15)
FNDA:0,downloadDatabase
FNDA:0,initializeDatabase
FNDA:8,getClientIp
FNDA:3,getCloudflareGeoInfo
FNDA:1,getLocalIpInfo
FNDA:2,handleGetIp
FNDA:2,handleGetIpAddress
FNDA:1,handleHealth
FNDA:0,startServer
FNDA:0,(anonymous_25)
FNDA:0,(anonymous_26)
DA:1,1
DA:2,1
DA:3,1
DA:4,1
DA:5,1
DA:7,1
DA:8,1
DA:9,1
DA:10,1
DA:12,1
DA:14,1
DA:15,1
DA:18,1
DA:19,5
DA:22,1
DA:37,0
DA:38,0
DA:39,0
DA:40,0
DA:41,0
DA:42,0
DA:43,0
DA:44,0
DA:46,0
DA:47,0
DA:49,0
DA:50,0
DA:51,0
DA:53,0
DA:54,0
DA:55,0
DA:56,0
DA:59,0
DA:64,0
DA:66,0
DA:67,0
DA:68,0
DA:69,0
DA:72,0
DA:73,0
DA:74,0
DA:76,0
DA:77,0
DA:79,0
DA:80,0
DA:85,0
DA:86,0
DA:87,0
DA:90,0
DA:91,0
DA:93,0
DA:94,0
DA:98,1
DA:99,8
DA:100,8
DA:102,8
DA:114,1
DA:115,3
DA:116,3
DA:117,3
DA:118,3
DA:119,3
DA:120,3
DA:121,3
DA:123,3
DA:124,1
DA:127,2
DA:133,2
DA:146,1
DA:147,1
DA:148,0
DA:151,1
DA:152,1
DA:153,0
DA:156,1
DA:162,1
DA:163,1
DA:164,1
DA:165,1
DA:166,1
DA:167,1
DA:168,1
DA:170,1
DA:183,1
DA:184,2
DA:185,2
DA:187,2
DA:188,1
DA:189,1
DA:192,1
DA:193,1
DA:194,1
DA:195,1
DA:198,0
DA:199,0
DA:201,0
DA:205,1
DA:206,2
DA:207,2
DA:209,2
DA:210,0
DA:211,0
DA:215,2
DA:216,2
DA:217,1
DA:218,1
DA:221,1
DA:222,1
DA:224,0
DA:228,1
DA:229,1
DA:232,1
DA:233,1
DA:234,1
DA:236,1
DA:237,0
DA:239,0
DA:240,0
DA:244,1
DA:245,0
DA:246,0
DA:247,0
LF:122
LH:71
BRDA:8,0,0,1
BRDA:8,0,1,1
BRDA:40,1,0,0
BRDA:40,2,0,0
BRDA:40,2,1,0
BRDA:42,3,0,0
BRDA:49,4,0,0
BRDA:67,5,0,0
BRDA:86,6,0,0
BRDA:100,7,0,0
BRDA:100,7,1,8
BRDA:103,8,0,8
BRDA:103,8,1,4
BRDA:103,8,2,3
BRDA:103,8,3,3
BRDA:103,8,4,3
BRDA:103,8,5,3
BRDA:103,8,6,3
BRDA:103,8,7,3
BRDA:123,9,0,1
BRDA:123,10,0,3
BRDA:123,10,1,2
BRDA:123,10,2,2
BRDA:136,11,0,2
BRDA:136,11,1,0
BRDA:137,12,0,2
BRDA:137,12,1,0
BRDA:138,13,0,2
BRDA:138,13,1,0
BRDA:140,14,0,2
BRDA:140,14,1,0
BRDA:141,15,0,2
BRDA:141,15,1,0
BRDA:142,16,0,2
BRDA:142,16,1,0
BRDA:147,17,0,0
BRDA:152,18,0,0
BRDA:162,19,0,1
BRDA:162,19,1,0
BRDA:163,20,0,1
BRDA:163,20,1,0
BRDA:164,21,0,1
BRDA:164,21,1,0
BRDA:165,22,0,1
BRDA:165,22,1,0
BRDA:166,23,0,1
BRDA:166,23,1,0
BRDA:167,24,0,1
BRDA:167,24,1,0
BRDA:168,25,0,1
BRDA:168,25,1,0
BRDA:177,26,0,0
BRDA:177,26,1,1
BRDA:177,27,0,1
BRDA:177,27,1,1
BRDA:187,28,0,1
BRDA:187,29,0,2
BRDA:187,29,1,1
BRDA:187,29,2,1
BRDA:193,30,0,1
BRDA:209,31,0,0
BRDA:216,32,0,1
BRDA:244,33,0,0
BRF:63
BRH:37
end_of_record
